-0.361229   -0.238001   0.374755
0.0133511   -0.324537   0.24099
0.204741   0.317459   0.00123502
0.024837   0.375989   0.173571
0.0230774   0.482749   -0.244879
0.333731   0.475912   -0.0654849
0.178111   -0.322013   0.0421943
0.130188   -0.245671   -0.414678
-0.24372   0.244152   -0.321762
-0.475019   0.17688   -0.300483
-0.324516   -0.460864   0.291023
-0.307939   -0.0839766   0.0812046
-0.00692743   0.0877461   0.330752
0.172012   0.0811828   -0.491894
0.465663   -0.404201   0.0595529
-0.0668101   0.221417   -0.226769
0.284735   0.497226   0.471877
0.280706   0.129879   -0.341655
0.247298   0.0834593   0.312994
-0.444744   -0.41881   -0.140306
0.0222044   -0.409407   0.436687
0.451351   -0.154838   0.472131
-0.14244   -0.320717   0.374321
0.482598   -0.0555   0.137067
-0.298659   -0.0133956   -0.468121
-0.497144   -0.344897   -0.442583
-0.159568   0.380824   -0.150329
0.209479   -0.400769   -0.157696
0.103646   -0.0499957   -0.370324
-0.184657   0.280036   0.242944
0.0648704   0.414392   -0.483724
-0.0500387   -0.36872   -0.381962
-0.0359145   0.228684   -0.491119
0.37118   0.303265   -0.205777
0.199128   0.283908   -0.414425
0.416574   -0.0220061   -0.165341
0.0668431   -0.478812   -0.00132859
-0.415986   0.0686547   -0.08893
-0.168274   0.0797596   -0.0719958
0.313991   -0.0754344   -0.360251
0.387231   -0.205034   0.247233
-0.0208074   -0.0489736   0.168673
-0.252074   -0.219225   -0.224516
0.251567   0.455789   -0.274919
-0.300679   0.101769   0.212859
0.252232   0.478174   0.14706
-0.232848   0.359996   0.445894
0.32358   0.0779951   0.102561
0.153992   -0.0560956   -0.180246
-0.0817135   0.0031156   -0.466473
-0.387068   0.289215   -0.119168
0.0797938   -0.168055   0.370567
0.0629856   -0.0719704   -0.0125567
0.433091   0.27168   -0.0179886
-0.469306   -0.20118   -0.219705
-0.370994   0.253271   0.330885
0.219175   -0.228943   -0.242447
0.454082   0.148198   0.338713
0.379915   0.0724913   -0.499056
0.147286   0.0930948   -0.0121618
-0.481987   0.458055   0.435316
-0.490878   -0.020922   -0.361485
-0.0504063   -0.296907   0.0294437
-0.0985952   0.203094   0.0583692
0.320198   0.310712   0.409374
0.49523   0.170033   0.140402
-0.105029   -0.190091   -0.427491
-0.130756   0.396275   0.0581248
-0.0330826   0.000422155   -0.239451
-0.292587   0.250211   0.0593244
-0.0502197   0.354182   0.363849
-0.395951   0.412251   -0.287236
0.288641   -0.11518   -0.032367
-0.398853   0.259434   -0.467002
0.239767   -0.296961   0.400347
0.467083   -0.373177   0.339342
0.42685   -0.465851   -0.308217
-0.312116   -0.23123   -0.42365
0.163333   -0.441514   -0.392059
0.376012   -0.297715   -0.0803349
-0.480888   0.395678   0.161441
-0.449358   -0.0134889   0.363769
0.13688   0.252081   0.329489
0.340041   0.28357   0.196293
-0.164473   -0.0669119   0.374086
-0.165848   -0.208144   0.201838
-0.122961   0.489449   0.26265
-0.436086   -0.264062   0.174354
-0.116536   0.442395   -0.393358
-0.188418   -0.38941   -0.107984
0.191921   -0.156532   0.174062
-0.337273   -0.308438   0.008114
0.298299   0.131185   -0.104675
-0.225955   0.158103   0.438968
-0.179294   -0.141077   -0.0730228
-0.338991   0.459922   0.00922989
0.248238   -0.09148   0.441231
0.0239699   0.348458   -0.0823868
0.367595   0.469461   0.291347
-0.284368   -0.398935   -0.284383
0.432394   0.353641   -0.405681
0.144454   0.260114   -0.210279
-0.25866   -0.449469   0.489529
0.123579   0.478018   0.316126
-0.0457811   -0.268304   -0.208737
-0.285053   -0.0282188   -0.264941
0.105619   0.15442   0.1715
-0.175866   -0.40347   0.120134
