-0.126641   0.348505   -1.01599
0.789791   0.379827   -0.0938841
1.46212   0.0258106   -0.38316
1.01027   -0.536025   -1.5065
-0.0676758   -0.113811   -0.0230576
-1.58787   -0.150736   -0.27019
-0.757386   1.99247   1.39998
-1.02389   0.0139103   0.787981
1.42418   1.07398   0.256605
-0.366617   -0.583283   0.878348
-0.58187   -0.101567   0.493091
-0.811419   -0.240079   1.02529
0.784377   -1.58936   0.581058
0.538016   -0.752938   0.786245
1.41084   -0.921081   -1.51901
-1.09152   -1.49125   1.40055
0.290255   -0.365167   1.09212
0.749698   -1.28548   -1.14669
0.888767   1.54129   1.70645
1.17188   0.983589   2.01116
-2.50041   0.042399   0.768904
1.41035   0.300521   0.119109
-0.309799   -0.875275   0.31685
0.487326   0.0370225   -1.60533
0.700528   -0.77779   0.758767
-2.22031   -1.26251   2.31069
-0.398691   -1.43872   -0.552166
-0.394619   2.29387   -2.42877
0.651484   0.225212   1.92781
-1.55308   0.0025752   1.17012
0.175927   0.689355   -0.652888
-1.02695   1.95268   0.808775
0.419437   -0.219839   0.346497
-0.00987163   -0.320993   1.03288
2.24797   0.204061   0.803224
0.758621   0.710468   1.46078
-1.60967   0.163801   0.0175059
-1.22153   1.90415   -0.718086
-0.921935   1.0452   -1.83936
0.639677   -0.890403   0.0793042
-0.665513   1.11665   1.55516
-0.460396   -1.60178   0.806438
0.178819   -1.15788   -0.0804162
0.0997783   -1.66295   0.17364
-0.53867   1.10063   -1.51679
-1.16236   -0.106685   -0.201186
0.142304   0.491744   0.374129
-0.46794   -1.61748   -0.239482
0.930323   1.17166   0.792727
-0.0390847   1.03523   1.87651
1.49017   0.354658   0.752095
-0.521719   0.298094   -1.03458
0.266931   0.141766   0.581795
0.50219   -0.20126   0.301769
-0.190845   -0.952602   0.500471
-0.817408   0.554503   0.345066
-0.958917   0.264703   1.36619
0.402795   0.478343   -1.23544
0.509769   -1.13037   -0.736391
0.437069   0.902694   0.117211
-0.643686   0.170538   -0.152238
0.199479   0.413868   -0.654816
0.193868   1.158   0.457486
-2.09007   -1.08807   0.779971
1.02735   -0.825883   -2.00115
0.810504   1.17265   -0.239189
0.512727   -0.461683   0.757158
-1.35902   1.79954   0.130433
-1.65651   0.0991863   -0.72152
1.79305   -0.244017   -0.665076
-0.00259733   -0.0648672   -1.54213
-1.50585   0.0564216   0.881167
-0.834631   -0.588747   1.49761
-1.07384   2.36899   -2.96526
0.141226   -0.158077   -0.754329
0.511363   -0.0953966   -1.84986
1.4862   0.73986   -0.753107
-0.569797   -0.304679   -0.245549
1.27767   0.245671   -0.617546
0.159409   -0.23404   0.75684
-1.0565   -0.40119   1.0325
-0.522613   -0.52403   -1.41038
1.77385   0.862921   -1.0075
-0.355218   0.668865   1.20184
0.252522   -0.346966   -0.0650114
0.187265   0.536844   -1.14325
-0.623067   -0.643308   -0.664548
0.439075   -0.661233   -1.56416
-1.03055   0.638384   1.77691
0.273794   0.794056   0.0620592
1.94115   -0.539368   -0.458121
0.240955   0.373565   -0.760551
-2.83976   -0.261594   -1.33946
0.547019   -0.146115   -0.0735442
1.78537   -0.265799   -1.15806
1.46411   0.820726   -0.806905
-2.42147   -0.374477   2.65827
0.0726363   -1.60463   -1.53869
1.15707   -0.471797   0.820956
0.267027   1.13134   -0.448534
0.254013   -1.21766   0.245351
-1.23826   -0.040588   -0.77643
0.708557   -0.611235   -0.102637
-0.62917   0.840355   -0.714707
0.955225   -0.766496   1.44849
1.18213   -1.65126   -1.00802
-0.0736122   -0.573193   -0.782328
0.344531   -1.21944   -0.606332
