-0.0244696   0.191965   -0.299957
-0.198718   0.322925   0.125709
0.34348   0.153171   -0.126447
0.494651   0.269095   0.467419
0.354251   0.381936   -0.0785535
0.322938   -0.22987   -0.466353
-0.24014   0.228326   -0.154507
0.148584   -0.151683   0.316801
-0.456929   0.481945   0.379238
-0.384508   -0.353202   0.450617
-0.461718   0.08034   0.31574
-0.12692   0.33969   -0.428012
0.0406519   -0.178884   0.115213
0.15463   -0.341912   0.193838
-0.0460489   0.0820122   -0.489518
-0.0870538   0.492128   -0.0444316
-0.421567   -0.155505   0.397105
-0.316805   0.388346   -0.0257659
-0.408763   0.0910485   -0.109898
0.224813   -0.300646   -0.254869
0.0102679   -0.118152   0.49877
0.485148   0.211983   -0.275313
-0.28741   -0.418278   0.0721315
-0.17054   0.0851344   -0.333933
0.302995   0.178547   0.431499
-0.247002   0.081032   -0.00480136
-0.492776   0.437799   -0.416155
-0.458003   -0.488448   -0.0500798
0.0471611   -0.249347   -0.359424
-0.0562504   0.134788   -0.118398
0.496348   0.260485   -0.00433763
-0.214548   0.420774   -0.215177
0.416532   0.477863   0.0913712
0.433665   -0.293276   -0.102062
-0.342847   -0.298885   -0.124678
0.159932   0.0494259   -0.166974
-0.0456784   0.049917   0.0678485
-0.434661   0.394134   -0.225357
0.178388   0.436326   0.452164
-0.24998   -0.0309653   -0.152974
0.36219   -0.0299708   0.347164
-0.372927   0.299911   0.328659
0.180474   0.452419   0.11065
0.282482   0.0834596   0.0270453
0.317947   0.479617   0.30618
0.48854   -0.213474   -0.342654
0.335247   0.349561   -0.43427
-0.145375   -0.246734   -0.035248
0.138949   0.0219612   0.137708
-0.458467   -0.362184   0.209294
-0.411775   -0.134423   -0.202674
0.235271   -0.0604166   0.494552
0.062517   -0.354156   -0.00433141
-0.3032   -0.111079   -0.438659
0.489194   -0.00443797   -0.496955
0.15262   0.459337   -0.116194
-0.142234   -0.103276   0.140111
0.195562   0.292245   -0.0228907
0.104552   0.488974   -0.363178
-0.0285434   0.30329   0.0204722
0.0962899   -0.495423   0.291516
0.240558   -0.200278   -0.0849149
0.311241   0.0998118   -0.387818
-0.367085   0.218994   0.143781
-0.161533   0.32233   0.318409
-0.191845   0.102039   0.325986
0.27714   -0.403376   -0.0257813
0.301639   0.140922   0.209961
0.013887   -0.0199807   -0.29514
0.401404   -0.255784   0.0930513
0.143521   0.226149   -0.448797
-0.328419   -0.0178609   0.215033
-0.177924   -0.204756   -0.30718
0.497094   -0.116194   0.212991
-0.300108   0.278767   -0.35284
0.286552   -0.0972784   0.0965104
-0.011603   -0.0298078   0.305031
0.170632   0.283068   -0.235564
0.148983   0.0819812   0.373043
-0.0108425   -0.0862969   -0.0831973
-0.329596   0.136792   -0.47853
-0.334774   -0.175899   0.0375468
-0.0116177   -0.270909   -0.195776
-0.133253   -0.444137   -0.33691
0.0258363   0.286983   0.383711
-0.376348   0.435354   0.187946
0.419408   0.325722   0.235072
0.312843   -0.290202   0.314458
0.474495   0.0747519   0.0838885
-0.0674637   -0.443029   0.156121
-0.17823   -0.292411   0.494973
-0.223509   -0.423595   0.325393
0.377931   -0.429424   0.48207
-0.0339438   0.351728   -0.200794
0.485826   -0.113953   -0.0349278
0.0940236   -0.316905   0.432724
-0.386799   0.0631825   -0.301077
-0.354621   -0.337621   -0.331695
-0.306499   -0.250651   0.24406
0.462556   -0.416251   -0.300563
0.263771   0.477226   -0.264057
-0.274766   0.454848   -0.491844
0.0968447   0.271607   0.191912
0.20283   -0.110851   -0.312717
-0.189553   -0.0927693   0.373681
-0.0570589   -0.263154   0.288589
-0.0542811   0.493983   0.485433
0.410905   -0.0291162   -0.217443
