0.359781   -0.0931064   0.370078
-0.466032   0.136774   0.257273
0.210953   0.369677   -0.220313
-0.268347   -0.344336   0.131638
0.495165   -0.0553757   0.358799
-0.241635   -0.235087   0.0939319
-0.039226   -0.328473   0.298635
-0.476272   0.010339   0.00810411
-0.306565   0.194713   0.277813
-0.301579   -0.150664   0.384999
0.370416   -0.366256   -0.443573
0.222583   -0.126305   -0.309849
0.0186878   0.251785   0.199956
-0.33205   0.421093   -0.339115
-0.239281   0.0957795   -0.247774
0.392231   -0.290604   0.438729
0.468103   0.39029   0.135447
0.0727829   0.219956   -0.250251
-0.00620982   0.489902   0.434462
-0.308469   0.428426   0.489878
0.115789   0.0181803   0.295949
-0.371197   -0.444708   -0.42232
-0.107855   -0.00588852   0.0485538
-0.271213   0.0651709   0.0149693
-0.049425   0.126124   0.38122
-0.0979883   0.0694604   -0.330158
0.00236943   -0.247946   0.36414
-0.0266431   0.110564   0.242023
0.12709   0.0542806   -0.0272088
-0.0925511   0.479423   0.0652848
0.407701   -0.131325   0.427173
-0.12091   -0.000822511   -0.432266
-0.268623   -0.456491   0.401262
0.310518   0.0844789   0.345631
-0.351261   0.0594267   0.0345008
0.238457   -0.247044   0.176836
-0.337322   -0.467883   0.0509061
-0.116134   0.206581   -0.299857
0.0598285   0.103845   -0.426429
0.483335   -0.481215   0.197108
0.101079   0.498877   -0.193284
0.130708   0.116371   0.385417
-0.0708325   0.330795   0.332439
-0.0558995   0.0757438   -0.168478
-0.127941   -0.184885   -0.446762
0.482063   -0.157527   0.153928
0.113298   -0.474841   -0.41528
-0.260605   -0.225862   -0.24447
0.278632   -0.428838   0.30217
0.423008   0.357567   0.308918
0.460095   -0.270111   0.229555
0.227551   -0.498643   0.203094
0.360011   -0.0111721   0.0455528
-0.373131   -0.457507   0.31379
-0.384184   -0.359508   0.369516
-0.305708   0.00433581   0.421064
0.316411   0.119378   -0.361604
-0.434953   -0.0224317   -0.15163
0.0206815   0.343418   0.266336
0.121538   0.297972   0.418094
0.410879   -0.485487   -0.446478
0.147798   -0.0172086   -0.425732
-0.365542   -0.189667   -0.122928
-0.204355   -0.242636   0.173535
-0.318084   -0.0704919   -0.35062
-0.0850856   0.423059   0.128699
-0.27134   0.0673578   -0.15175
0.112691   0.441972   0.44185
-0.499349   0.101562   0.380261
-0.459663   -0.110769   0.202599
0.167243   0.423837   -0.156251
0.0673169   0.381055   0.491302
0.216238   -0.470625   -0.17376
0.290182   -0.438296   0.198167
0.225367   -0.203661   -0.369325
0.0720973   -0.411405   0.391444
0.425433   -0.412634   -0.487358
0.184343   0.419384   0.326041
0.266133   -0.102207   0.0322373
0.302174   0.0793565   -0.062755
0.355502   -0.33964   0.298051
-0.144576   -0.386633   -0.319701
-0.433843   0.319882   -0.0798903
0.474678   0.00874982   0.302571
0.0974161   0.368351   0.379757
0.225351   -0.37392   -0.441615
0.268086   0.00832153   -0.414495
0.155217   0.36144   -0.48748
-0.105883   -0.299349   -0.273066
0.0808231   -0.440696   0.00355698
0.264627   0.452873   -0.223071
0.203111   -0.374954   -0.294772
-0.163047   0.251117   -0.230403
-0.198829   -0.152589   -0.135261
0.161855   0.45123   -0.260003
0.018691   -0.179014   0.132968
0.260211   0.3704   0.331169
0.384442   0.338298   -0.0924543
-0.026901   -0.329558   -0.238344
-0.228731   0.463031   -0.413091
-0.48101   -0.457348   0.485409
0.115562   0.35677   0.253305
0.0171308   -0.424098   -0.0760129
-0.375592   0.321466   -0.344884
0.110067   -0.0701592   -0.343385
-0.26993   0.268984   0.497962
0.356259   0.305807   0.262045
-0.100683   0.232737   0.318859
