-0.45507   -0.135256   0.191163
-0.298202   0.0338726   0.167981
-0.453906   0.0613906   0.346704
-0.297206   -0.109187   0.349088
-0.123145   -0.120077   0.190001
0.0233307   0.0528426   0.168836
-0.130103   0.0522326   0.332326
0.0337395   -0.104898   0.350551
0.170013   -0.103718   0.157531
0.378257   0.0446934   0.198473
0.21533   0.0561161   0.345878
0.354015   -0.133769   0.347268
-0.445673   0.202667   0.176355
-0.297563   0.380464   0.164615
-0.446402   0.385291   0.34736
-0.29498   0.199672   0.328059
-0.141701   0.211492   0.171136
0.0282301   0.369209   0.17249
-0.130135   0.389709   0.33025
0.04731   0.197878   0.337537
0.19191   0.205569   0.175283
0.362123   0.388324   0.138076
0.198549   0.402456   0.344476
0.393083   0.233853   0.349254
-0.427514   -0.43723   0.178704
-0.274403   -0.272675   0.173565
-0.465459   -0.297632   0.338313
-0.288867   -0.460219   0.331839
-0.131204   -0.455172   0.179667
0.0359374   -0.272265   0.177554
-0.118325   -0.281086   0.350753
0.0447371   -0.451154   0.337423
0.195218   -0.441207   0.177304
0.362282   -0.292618   0.180203
0.197809   -0.284707   0.326701
0.378358   -0.452969   0.349545
-0.461262   -0.130882   0.482829
-0.307527   0.0636616   0.498281
-0.464496   0.0546519   -0.3376
-0.316404   -0.108633   -0.360631
-0.136734   -0.118631   -0.498206
0.0394126   0.0623489   -0.483487
-0.147808   0.0409211   -0.329108
0.0227385   -0.108358   -0.332491
0.18527   -0.0961389   -0.479563
0.383138   0.0565451   -0.49235
0.204855   0.0386632   -0.321353
0.380193   -0.127167   -0.331912
-0.45775   0.23763   -0.495338
-0.276574   0.395479   -0.48911
-0.478172   0.407738   -0.320396
-0.306385   0.219738   -0.31732
-0.135878   0.203385   -0.497235
0.0399751   0.367395   -0.497382
-0.119117   0.379191   -0.311594
0.0305014   0.194598   -0.316003
0.214128   0.201936   -0.46654
0.353157   0.381142   -0.483885
0.186595   0.375329   -0.332867
0.381016   0.226667   -0.335565
-0.472227   -0.464187   -0.495353
-0.295214   -0.303087   0.499733
-0.472948   -0.293866   -0.335284
-0.303245   -0.447244   -0.334972
-0.116062   -0.439839   -0.481657
0.0324543   -0.274398   -0.47876
-0.141952   -0.263962   -0.331812
0.0390591   -0.453936   -0.331608
0.195762   -0.41384   -0.478497
0.362595   -0.280527   -0.487799
0.21278   -0.268009   -0.30654
0.352831   -0.45898   -0.30543
-0.471046   -0.131765   -0.154263
-0.324055   0.0407425   -0.178549
-0.475449   0.049749   0.000883101
-0.311815   -0.125574   0.00650013
-0.1647   -0.113473   -0.165643
0.0220783   0.0348124   -0.162277
-0.149675   0.0378781   0.00886119
0.0147757   -0.113248   -0.00848194
0.201197   -0.107585   -0.151679
0.365132   0.0204355   -0.177751
0.206567   0.0586582   0.00585629
0.349794   -0.108885   0.0167991
-0.480059   0.199488   -0.168222
-0.296113   0.386777   -0.171273
-0.455244   0.378815   -0.00656063
-0.318506   0.21025   -0.0020912
-0.150498   0.220379   -0.156043
0.0459316   0.35593   -0.171746
-0.148571   0.386643   -0.00466442
0.0303863   0.198565   -0.0019247
0.216301   0.208359   -0.168695
0.358239   0.378419   -0.167538
0.193857   0.379547   0.00640258
0.375166   0.22117   0.00793094
-0.489634   -0.449105   -0.157814
-0.317596   -0.275734   -0.172456
-0.481149   -0.293533   0.0280329
-0.305114   -0.452708   -0.0182184
-0.123158   -0.440138   -0.183251
0.03174   -0.279346   -0.190815
-0.143052   -0.271451   -0.00838743
0.0181018   -0.4577   -0.0131239
0.192571   -0.466386   -0.153869
0.351135   -0.292188   -0.14781
0.176661   -0.28495   -0.0166013
0.372928   -0.458117   -0.00859566
