-0.499905   0.496831   -0.495335
-0.330017   -0.336848   0.492141
0.496005   -0.337563   -0.324742
-0.329677   0.493397   -0.339132
-0.175465   0.494021   -0.497312
0.00539959   -0.332114   -0.4896
-0.166069   -0.341752   -0.341903
0.00500043   0.489375   -0.331163
0.173165   -0.494971   -0.49177
0.332906   -0.332715   -0.49218
0.169187   -0.339235   -0.334439
0.329309   -0.498418   -0.325138
0.496408   -0.172376   0.496696
-0.336622   0.00197829   -0.498833
0.497121   -0.00237203   -0.328576
-0.345391   -0.17775   -0.340752
-0.170448   -0.15979   0.499513
-0.00854396   -0.000163562   0.494288
-0.172357   0.00225019   -0.335148
0.013544   -0.171   -0.326449
0.164198   -0.152049   -0.496746
0.343504   -0.00623493   -0.488371
0.175346   -0.00186628   -0.328564
0.330913   -0.17479   -0.327932
0.492011   0.157709   -0.492186
-0.336435   0.330494   0.482301
0.491418   0.339819   -0.321206
-0.344211   0.167979   -0.323916
-0.167529   0.171891   -0.48669
-0.00701159   0.324876   -0.495054
-0.16256   0.333425   -0.327066
-0.00331809   0.1667   -0.320943
0.166852   0.160843   0.493133
0.336777   0.329258   0.4897
0.169618   0.339746   -0.34864
0.334978   0.182889   -0.319421
-0.499788   -0.497273   -0.157391
-0.337121   -0.350309   -0.1801
-0.4938   -0.340226   0.00390168
-0.318228   0.48774   -0.0031054
-0.16533   0.489414   -0.16345
-0.0028821   -0.339602   -0.17369
-0.164154   -0.342929   -0.0244231
0.00369282   -0.494836   0.000679562
0.166302   0.487144   -0.159955
0.334998   -0.32998   -0.164029
0.168933   -0.331982   -0.00380753
0.339166   -0.485294   0.0112022
-0.493471   -0.16555   -0.166403
-0.343364   -0.00257624   -0.168775
0.49588   0.00386332   0.00976253
-0.333355   -0.154477   -0.00026862
-0.172049   -0.152281   -0.171409
-0.000279923   0.00439669   -0.166698
-0.158104   -0.000912884   0.00656264
-0.00974233   -0.171778   -0.0156742
0.17098   -0.161594   -0.175314
0.357745   -7.22498e-06   -0.164177
0.172208   -0.00735731   0.00459573
0.342034   -0.155645   -0.0110315
0.489626   0.180264   -0.162957
-0.347824   0.331705   -0.164417
0.488715   0.344296   0.0170833
-0.347547   0.179144   -0.00120776
-0.177536   0.173796   -0.162813
0.00220139   0.339995   -0.158823
-0.154722   0.321286   -0.00462047
0.0130955   0.154941   0.00453347
0.168955   0.177508   -0.166193
0.330639   0.337059   -0.154936
0.167341   0.329927   0.00984318
0.33091   0.170179   -0.00877818
-0.489925   0.494941   0.176243
-0.327628   -0.334922   0.155999
-0.48962   -0.334097   0.331945
-0.322615   0.491812   0.328357
-0.159957   0.496296   0.157414
-0.00982724   -0.329829   0.153904
-0.159736   -0.325709   0.336874
-0.00298881   -0.496402   0.341931
0.170097   -0.476284   0.165318
0.340126   -0.319383   0.176609
0.15968   -0.327158   0.333195
0.338983   -0.496153   0.336388
-0.498819   -0.17269   0.150919
-0.334914   -0.00339112   0.158908
0.496591   0.0106269   0.327015
-0.339777   -0.156544   0.332265
-0.180358   -0.164163   0.155182
0.00714432   0.00224204   0.162348
-0.173205   0.00729543   0.331449
-0.00829866   -0.164275   0.320411
0.17158   -0.185935   0.176019
0.327571   0.00457425   0.165788
0.176506   -0.00245554   0.327764
0.349264   -0.163924   0.329885
-0.497085   0.174978   0.172821
-0.332779   0.333346   0.167201
0.494086   0.331996   0.32892
-0.341436   0.174549   0.326084
-0.168377   0.16547   0.153926
-0.00343861   0.337826   0.171191
-0.171541   0.321464   0.329344
-0.00575997   0.16118   0.316572
0.167269   0.156774   0.166892
0.327009   0.324289   0.178666
0.160253   0.325115   0.335781
0.339711   0.159015   0.32819
