0.485747   -0.496633   -0.491317
-0.349087   -0.330431   -0.493527
-0.488846   -0.338362   -0.331391
-0.326832   -0.488928   -0.327636
-0.175668   0.488313   0.495928
0.00732989   -0.348009   -0.495374
-0.156594   -0.326978   -0.324986
-0.0273882   0.494998   -0.336362
0.15305   -0.498824   -0.488619
0.317859   -0.347177   0.499625
0.183677   -0.348752   -0.321674
0.349888   -0.495659   -0.312698
0.483647   -0.186734   -0.480761
-0.353257   -0.0271308   -0.497671
0.49402   0.00139815   -0.330896
-0.343378   -0.159411   -0.317269
-0.164261   -0.166172   -0.477396
0.00567873   -0.00212702   -0.497484
-0.148049   -0.00798124   -0.335854
0.0231229   -0.169037   -0.333254
0.169155   -0.172946   0.481887
0.338261   -0.0076772   -0.497372
0.165857   0.00336077   -0.350188
0.331631   -0.167424   -0.323215
0.47971   0.176931   0.499317
-0.316809   0.323379   0.48176
0.494737   0.331184   -0.33411
-0.335938   0.179151   -0.353761
-0.180443   0.147103   0.492888
0.00301981   0.328895   0.495743
-0.164503   0.313538   -0.337469
-0.00966248   0.154666   -0.349971
0.172952   0.176905   0.498146
0.319343   0.344597   0.492628
0.170874   0.344674   -0.330167
0.336485   0.164978   -0.326237
-0.484189   0.487409   -0.159533
-0.317122   -0.322472   -0.150655
-0.492612   -0.328387   -0.00721347
-0.320639   -0.49783   0.00371905
-0.158248   -0.485773   -0.152218
0.00831726   -0.321366   -0.159396
-0.14884   -0.333715   0.00566718
0.00647621   -0.492854   0.0119766
0.136227   -0.497606   -0.157878
0.355605   -0.333578   -0.159467
0.190513   -0.323122   -0.0141156
0.352778   -0.491819   0.00720384
0.489343   -0.170885   -0.152128
-0.319222   -0.00166868   -0.169264
0.491064   -0.00476471   -0.00456092
-0.326868   -0.170906   -0.0101335
-0.150367   -0.150128   -0.1661
0.0224812   -0.0065665   -0.178969
-0.158798   0.0131642   0.00476492
0.0262131   -0.164732   0.0016023
0.180193   -0.166093   -0.160617
0.3236   0.00999088   -0.166687
0.180065   -6.23053e-06   -0.00139321
0.328848   -0.147809   0.0151959
0.495212   0.175221   -0.173111
-0.314049   0.320394   -0.180156
-0.468952   0.317579   -0.00582378
-0.323027   0.156101   -0.0119427
-0.156235   0.139961   -0.170951
-0.00753987   0.321903   -0.172391
-0.176039   0.324704   -0.0170695
-0.00576685   0.175009   0.00755656
0.163076   0.17297   -0.177583
0.349813   0.347673   -0.140793
0.178825   0.319265   0.00132495
0.343048   0.159869   -0.00673672
-0.493591   -0.497379   0.164236
-0.322566   -0.329363   0.149202
0.471978   -0.33502   0.308879
-0.323182   0.486269   0.334237
-0.159102   -0.493095   0.167098
-0.00801333   -0.320661   0.16568
-0.154723   -0.331099   0.333437
0.00581596   -0.487653   0.331835
0.162349   0.499282   0.170188
0.321282   -0.33776   0.160343
0.162412   -0.336074   0.319566
0.328494   -0.49314   0.341855
0.496076   -0.175772   0.158405
-0.321801   0.00172376   0.153709
0.493314   -0.0263799   0.343683
-0.335735   -0.187647   0.3135
-0.167707   -0.164315   0.157282
-0.031329   0.0139058   0.172769
-0.192319   -0.00971701   0.34575
-0.016843   -0.164577   0.350925
0.161579   -0.168348   0.175037
0.343629   0.0150522   0.162664
0.142892   0.0194416   0.328633
0.314676   -0.165848   0.314505
0.495508   0.179765   0.168644
-0.347587   0.329517   0.182916
0.490143   0.339273   0.351143
-0.35917   0.149047   0.32526
-0.166566   0.19248   0.147116
0.00522527   0.346979   0.164652
-0.160731   0.331894   0.328378
-0.012784   0.173303   0.3301
0.145668   0.178082   0.177077
0.322239   0.333892   0.154954
0.151217   0.356285   0.336683
0.320745   0.160846   0.336273
