-0.967911   0.365653   1.34083
0.182542   -0.310784   -1.54329
0.154104   0.232488   0.99927
-0.729636   -0.98212   0.903167
-1.09978   -0.16145   -0.708282
-0.32857   0.629228   -0.0884159
0.253895   0.272098   0.549241
0.724476   -0.676294   0.13583
-0.202977   -0.512816   0.224436
1.39845   0.996366   0.895431
-0.253042   0.552189   1.086
0.162959   0.547904   -1.18653
0.147114   -0.0215263   -0.986972
-0.170651   0.785772   0.129849
0.925275   -0.249992   1.11843
0.154542   0.591241   0.0897713
0.0549972   0.0850851   0.289608
0.489553   -0.605882   0.95057
0.0471712   0.789381   -0.221575
-0.793057   -0.47112   -1.00652
-0.438646   -0.902107   -0.0802045
0.0609281   0.853942   0.282019
0.0104064   -1.16149   -0.247458
0.66728   0.207706   -0.100375
-0.430969   -0.482899   -0.779274
0.575929   -0.665977   0.0898483
-0.295388   0.0548651   0.534275
-1.2522   0.287843   -1.31426
-0.485025   -0.589619   0.136702
0.558541   -0.46494   0.104483
-0.0183374   0.814979   0.103012
1.11671   0.312667   0.277023
-0.797575   -0.414083   -0.208734
0.303701   0.214308   0.906905
0.0419295   -0.636566   -0.556788
0.507512   0.175359   -0.308836
-0.0270442   -0.082538   0.842586
0.191755   -0.311085   -0.380104
0.675876   -0.774833   0.5284
-0.0920024   -0.476501   0.567109
0.0282328   -0.716687   1.27639
-0.482935   -0.667205   -0.246853
1.07384   0.608667   0.323117
-0.425662   -1.27747   -0.138918
-0.275745   0.792202   0.492675
-0.777049   0.0594407   0.152671
1.45713   0.545098   -0.265423
0.295492   -1.24462   -0.186673
0.710496   -0.946746   0.0107938
0.181452   -0.715079   0.00493296
-1.10025   0.140684   -0.826277
-0.533873   0.0423941   -0.169269
-0.892233   1.0759   -0.180588
-0.981277   0.329166   -0.775035
0.642225   -0.466525   0.0681555
0.189517   -0.233908   0.438798
-0.0153932   0.190691   0.262399
0.0231943   -0.00931042   1.14732
0.875724   -1.33503   -0.52828
-1.48032   -0.584396   0.721621
0.644499   0.236732   -0.815729
0.24218   0.499914   0.103693
-0.12998   0.000752489   0.619341
1.18952   -0.724349   -0.0116529
0.0652238   0.198045   -0.657597
0.388162   0.266334   -0.356552
0.103766   1.13863   0.707439
0.222353   0.613939   0.611248
-0.122307   -0.16666   0.14429
0.901181   0.306562   0.592929
-0.556241   0.672811   0.684401
-0.0424374   -0.0654783   0.089153
0.837895   0.0312027   -0.157812
0.473336   0.407824   -0.531357
-0.157894   0.507127   0.159164
0.115297   0.600782   0.309755
-0.0156557   -0.500722   0.447076
0.613036   -1.12204   0.479676
0.571968   0.0221107   -0.00495161
-0.971378   0.259722   1.00469
-0.52598   0.227734   -0.584926
-0.547395   0.755911   0.303063
0.591004   0.152237   -0.736258
-0.027717   0.31096   -0.739655
0.253585   -0.604945   0.371217
0.761121   -0.103021   -0.330481
0.195965   0.662805   -0.762562
-1.10243   -0.286989   -0.424948
0.778722   0.735916   -1.02203
0.387662   0.436093   -0.97248
-0.276971   -0.275644   0.567369
-0.536989   0.608401   -0.0525662
-0.514582   0.840577   0.0975144
-0.681262   0.390013   -0.747413
0.332708   0.693161   -0.406436
-1.13626   0.0990451   0.903846
-0.3665   -0.532718   0.229588
-0.53184   0.439896   0.529514
-0.466771   -0.227791   -0.765335
0.0513379   0.0133048   -0.470287
-0.818638   0.0287156   -0.973101
-0.52504   0.0352903   0.212676
-1.13737   0.0155849   -1.62241
0.460874   -0.55495   0.931128
0.803041   0.961485   -0.814393
-0.488932   -0.69895   -0.0855312
0.440903   0.551932   -0.738741
0.71984   -1.25901   -0.262292
