0.452823   0.135114   -0.151309
-0.172578   0.339895   -0.13849
-0.363883   -0.0580804   0.0106913
0.428133   0.204708   -0.173812
0.210693   0.420105   0.0774174
-0.218308   -0.449041   -0.270177
-0.32398   0.306938   -0.322179
0.243648   -0.242332   0.213683
0.132186   0.234013   0.246354
0.28621   -0.110696   -0.130691
-0.473189   -0.183826   0.293717
0.146298   -0.0412069   -0.140077
-0.25138   0.125225   0.198768
0.119985   -0.333174   0.492884
0.189698   0.183889   0.0910455
-0.347474   0.0119128   -0.00771513
0.404686   -0.440331   -0.0671377
-0.302392   0.0076877   -0.158023
-0.459325   0.289921   -0.188642
0.223936   -0.0783449   -0.496874
0.186364   -0.025861   -0.295814
0.345265   -0.0211652   -0.473714
-0.346858   -0.0451046   -0.0997729
-0.173736   0.267819   -0.416054
-0.198975   0.253129   -0.123112
0.414991   -0.140386   -0.197086
0.452778   0.309722   -0.0478406
0.0750515   0.40449   0.450641
0.0806748   0.230729   -0.354065
-0.0136492   0.498137   -0.312349
-0.106591   -0.0183831   -0.010145
-0.238859   0.312354   0.485298
-0.385351   0.0802716   0.042939
-0.051659   0.234776   0.23163
-0.328873   0.429038   -0.213929
0.410069   -0.0727503   0.450934
-0.146213   -0.138687   -0.400384
-0.180762   -0.325639   0.32679
0.483205   -0.497401   -0.0473627
-0.263183   0.463608   -0.127651
-0.395676   0.323962   -0.381759
-0.219407   0.464423   -0.272968
-0.22457   -0.490469   -0.0748026
-0.272349   -0.0268595   -0.0146504
0.0249722   0.377593   0.201437
0.491767   -0.419802   -0.156528
-0.0557271   -0.403553   0.0832673
-0.0643276   -0.169967   -0.174894
-0.166962   -0.358521   0.412864
-0.339203   0.256586   0.0436193
-0.0476727   -0.148107   0.0130581
-0.106989   0.406202   0.465905
0.381091   0.2213   -0.356366
-0.100792   -0.459051   -0.364167
-0.00780904   -0.0228776   -0.395051
0.0223052   -0.288368   -0.186457
-0.314055   0.128011   0.280583
-0.479057   -0.108437   0.378439
0.148993   -0.264112   0.078472
0.0701122   0.465716   0.196326
0.259181   0.289335   0.324302
-0.392333   -0.151813   0.366948
-0.262896   -0.298694   -0.392604
0.129518   -0.453007   -0.48421
0.181207   0.469851   0.48432
-0.156478   -0.245855   0.333123
-0.00960152   -0.143289   -0.105254
0.426305   -0.233497   -0.22768
-0.335108   0.218948   0.309112
-0.36583   0.327977   0.19847
0.266337   -0.257657   0.397994
-0.398125   0.40255   0.134565
0.12524   0.286889   -0.457574
-0.0319104   0.24111   -0.110493
0.226295   0.130279   -0.242052
-0.0893877   -0.426423   -0.283821
0.378333   0.0369549   -0.383632
-0.111074   0.307817   0.137377
-0.103633   -0.267822   -0.244878
0.1907   -0.37703   -0.232577
-0.191115   0.455628   -0.178749
-0.261808   -0.337066   0.272521
0.333219   0.339456   -0.132704
-0.0858273   0.0764621   0.45281
-0.216772   0.0310317   0.22133
-0.257753   0.296922   -0.396133
0.431719   0.278398   -0.281735
-0.281712   0.0588578   -0.308336
0.220661   0.424942   -0.0752212
-0.414968   0.16754   0.278175
0.241808   -0.303606   0.307304
-0.204409   0.0848172   0.308782
0.182567   -0.279219   0.258957
0.128528   -0.172337   0.156373
-0.0232664   -0.372743   -0.395603
0.112169   -0.302498   -0.418397
-0.153013   0.248056   0.118313
0.322418   0.276833   -0.00499132
-0.412427   0.050399   -0.148064
-0.415239   0.266956   0.212457
0.274301   0.343675   0.0656343
-0.0601239   -0.302678   -0.32517
0.0855908   -0.09864   0.18396
-0.0237862   0.156956   -0.342713
0.473301   -0.317299   0.112698
0.370318   0.380899   0.2585
0.488124   -0.483678   -0.340535
0.126629   0.170574   -0.405606
