-0.109599   0.0592207   -0.0827823
-0.260362   0.0621623   -0.0309257
-0.0652062   -0.268269   0.214003
-0.131478   -0.312829   -0.190636
-0.273867   0.276565   -0.112361
-0.120594   -0.46084   0.232148
0.0351632   -0.405604   0.0253852
0.194482   0.397806   -0.412316
-0.444086   0.156227   -0.0102073
0.247113   0.0787568   -0.238935
-0.436057   -0.0858042   -0.0924128
-0.420208   -0.0977327   -0.0108267
-0.0890087   -0.0600569   0.464244
-0.00770274   -0.48859   -0.251913
-0.019612   -0.496843   0.291603
-0.321513   0.195066   0.0593999
-0.0935581   0.17781   -0.284291
-0.073982   0.124593   0.285154
-0.169608   0.480742   -0.209705
0.0229511   -0.302176   -0.168539
-0.160283   0.4483   0.280756
0.333818   0.224675   -0.495475
0.407434   -0.0820438   -0.161574
0.104096   -0.181889   0.098537
-0.293002   0.104183   0.300678
-0.0575326   0.132438   0.0224802
0.115834   -0.425752   -0.109122
-0.0571757   -0.0105236   0.0527497
-0.212177   -0.42933   -0.4699
0.207541   0.212694   0.107626
0.164221   -0.44514   0.212641
-0.248982   -0.010764   0.310029
0.184057   -0.125173   0.432531
-0.188249   -0.442074   0.441972
-0.326579   -0.465756   -0.439256
0.241527   -0.497272   0.30055
-0.0817234   0.187608   0.384931
-0.054618   0.178594   0.476848
0.267962   -0.224931   0.241511
-0.107109   0.139286   -0.0621046
-0.340573   -0.239447   0.469261
-0.284925   0.0631422   0.220264
-0.124594   -0.32094   0.215198
0.324455   0.415996   0.00890239
0.20354   -0.298904   -0.252401
0.409028   -0.0125242   0.167116
-0.495884   0.0817667   -0.464091
-0.343945   0.126992   -0.010729
0.360477   -0.307877   0.0693001
0.495201   -0.161655   -0.135483
-0.417703   0.070546   0.0554242
0.238114   0.00397868   0.427996
0.195459   -0.477542   0.475644
0.435146   0.196282   -0.445316
0.0933594   -0.415786   0.354609
-0.457044   0.0464477   0.260783
0.455492   0.300341   -0.457366
0.267519   0.162792   -0.438116
-0.288605   -0.408874   0.270898
-0.417118   -0.0142064   0.00822776
-0.48042   0.192059   0.153989
-0.345975   0.0148149   0.148261
0.135764   -0.0739683   0.100242
0.137831   0.469401   0.124608
0.139762   -0.144666   -0.134198
-0.0596752   -0.394777   0.278642
0.340492   0.328486   0.36954
0.135997   0.401573   0.453706
0.125892   -0.365706   -0.486954
0.271728   0.365267   -0.398473
-0.494867   -0.147431   0.148917
-0.219933   -0.317997   -0.345055
-0.406926   0.214587   -0.449654
-0.471749   0.343604   0.0854709
-0.100291   0.484547   0.329081
-0.312503   0.284554   -0.196689
-0.0764258   -0.417932   -0.385761
-0.398682   0.153336   -0.384331
0.250995   0.280241   0.276259
0.019835   0.276691   -0.253153
-0.178327   -0.0142021   -0.0503143
-0.390766   0.158882   -0.0921145
-0.0462083   0.216624   -0.448685
0.0192129   0.0403157   0.166191
-0.371761   0.22719   0.168437
0.474529   0.414746   -0.447375
0.491728   -0.472954   0.485736
0.197897   -0.372818   0.149102
-0.0126641   0.342003   -0.157648
-0.0766297   -0.274915   -0.231038
-0.371822   -0.0751701   -0.446495
0.0492206   0.298521   0.0706421
0.251164   -0.0353077   -0.497781
0.208648   -0.164857   0.217946
0.135454   0.0548696   0.123581
0.187598   0.0628055   -0.491492
-0.417484   0.0768594   -0.20279
0.381888   0.282146   0.326866
0.0481208   -0.404567   -0.455891
0.15101   -0.242601   0.250591
-0.288447   -0.0515073   -0.137637
0.433173   0.39375   0.246689
0.498366   0.302759   -0.20551
0.265175   0.361471   0.388952
0.148856   0.264849   0.0992529
-0.0106696   0.407942   0.215706
0.273978   0.369001   0.0550223
-0.251781   -0.240432   0.26299
