-0.796994   -1.97315   -0.424115
-0.571803   -1.11833   1.45557
-0.792226   -0.707105   -0.410392
0.297351   2.46392   -0.881763
-0.660094   -1.82702   -2.13802
-0.654147   -2.08587   0.0814531
-0.609044   -0.691613   -2.12711
-1.69143   -1.71995   -0.20263
0.00214069   -1.02811   -0.362438
-0.847917   -1.24635   -0.588098
0.460008   -0.268433   -1.8825
0.177203   0.980297   0.694263
-1.05589   -0.0348993   -0.716293
0.286495   -1.8376   -0.786314
-0.299487   -0.0991246   0.192528
0.485411   2.0229   1.35252
-1.51435   1.34867   -0.362537
-1.72093   -0.488763   -0.513443
0.409464   -0.804566   -0.463369
2.32219   -0.635074   0.613235
-1.20619   0.637149   0.439158
-0.733275   -0.797474   0.896825
2.83039   -0.0502662   1.24634
-0.0865248   -1.0067   -0.743183
1.28954   1.97103   0.178005
1.51042   -0.263513   0.695452
-0.587521   0.222015   -1.93975
1.6202   -0.60042   -1.92069
-0.0932422   0.255268   -0.551108
0.364448   -0.0443376   -0.474393
-0.620315   1.39226   -0.213312
-0.230074   0.293986   0.313714
-0.758034   -0.726246   -0.693662
-0.83371   0.342842   0.298128
-0.330215   -0.175905   -0.470245
-1.41082   0.511243   1.90409
0.107845   2.0528   0.259367
-0.30097   0.600886   0.496777
-1.41165   0.542959   1.03478
0.127453   -0.0926959   -0.581967
1.00757   -0.665656   1.10687
0.250029   -0.445947   -0.210807
-0.255334   -0.0507084   1.51035
-0.109709   -0.726678   -0.981328
0.885391   -0.5005   1.61973
0.71183   -1.17209   0.181774
1.49968   -0.156191   0.281439
1.29045   2.625   0.986894
0.481288   0.597718   -0.963015
0.470179   -0.847007   0.70595
-1.42666   -0.0176169   3.16984
-0.166242   0.495921   0.455363
0.0898268   1.27991   0.156023
0.452394   0.205172   0.341382
0.0591122   1.64491   2.14316
0.185277   -0.0704434   -2.3147
1.56584   -0.846501   -0.551314
-1.1865   -0.470888   0.577288
-1.10759   0.838146   0.81974
0.454285   0.00440151   -1.84371
2.19737   2.1392   -0.0347841
0.532522   1.01103   -1.42263
-0.111413   -1.48055   0.575968
2.42728   0.128225   -1.5858
-0.561898   0.603595   0.147334
1.79494   0.552191   0.487233
-2.08484   0.386477   -0.293746
2.0167   -2.49284   -0.284517
-1.564   -0.0018808   -0.291497
-1.82008   0.962395   -1.63846
2.43379   -2.24928   -1.36215
0.30694   0.120797   0.608946
-0.612411   0.223001   1.24753
-1.66949   -1.34591   0.299391
-0.739263   0.29351   0.21702
2.03937   -1.10738   -0.636783
-0.00996011   -0.910211   0.936928
-1.68829   -0.116978   0.376592
0.45001   0.774281   -0.725394
1.48216   0.906981   -0.297169
-0.301156   -1.57093   0.434476
-0.361841   -0.171128   1.44305
0.636841   1.13841   1.64733
-2.98364   0.690497   2.20755
0.527885   0.890658   1.80063
-1.31361   0.0129879   1.73842
-0.974065   0.107308   0.839038
-0.264186   1.5773   -0.746578
-0.428281   0.0730445   -1.11573
-0.873821   -0.129412   -0.143024
-0.627358   -0.558759   2.06587
-0.241083   1.90377   0.95788
-0.759693   1.74788   0.183592
-0.244545   0.463861   -2.30032
0.873916   0.410226   -0.895001
-0.94262   1.61473   -2.58553
2.91684   -0.158697   0.12324
0.342687   0.721139   -0.412385
0.690087   -1.50406   0.742529
1.32606   -0.463978   -1.78967
-0.489475   -1.03674   0.222204
-0.844617   0.332215   1.11015
0.805752   -1.59445   -1.29039
0.202019   -0.37344   -0.167484
0.231745   0.0741714   0.0373955
-1.52505   -0.62351   -0.55734
1.85126   1.27083   0.00913568
0.325707   -0.276239   0.221151
