0.00271108   0.826808   0.0500237
0.0293338   0.831429   -0.361294
0.190491   0.437809   -0.784107
-0.275788   0.348224   0.215376
-1.08432   -1.57108   -0.226417
1.00842   -0.347907   0.656898
-0.0183328   0.603976   -0.659742
-0.184619   -0.226384   -1.52144
-0.22191   -2.11111   -1.04185
-0.186038   -0.769514   0.212157
0.859253   -0.0281334   0.999069
-0.0624784   -1.66814   -0.168575
0.325576   0.110892   -0.493557
0.470673   -0.34559   -0.968153
-0.855579   1.41129   -0.0717913
0.255007   -0.515209   -0.0236371
0.466739   0.375676   -0.464404
-0.972654   -1.22259   0.180756
-1.01871   -0.816567   -0.487082
-0.0026693   -0.237894   -1.17447
-1.00545   -2.19792   -1.74247
-1.13274   -0.111012   -0.239611
1.48126   -0.0623806   0.227959
0.599571   0.773047   0.665701
0.00290882   -0.0546709   0.898299
-0.586341   -0.413409   1.54519
-0.501132   0.684205   -0.459962
0.47335   -1.10878   -1.16074
0.679839   1.02339   1.90979
2.02598   -0.15336   1.73278
-0.353845   0.435704   0.186806
-1.48044   0.421034   0.867459
-1.93742   -0.69392   0.365177
-2.76196   1.61794   0.961458
0.227683   0.523326   -0.765926
-0.832653   -0.632725   -0.108562
0.396088   0.20434   -1.24385
1.20331   -1.31026   -0.517385
0.267995   0.851872   -0.879156
0.296852   -0.395203   -0.628407
-1.2709   0.436007   0.55728
-1.33019   -1.4262   1.07412
0.760395   0.44335   -1.64002
1.64258   0.514472   -1.36469
0.529665   0.277899   0.798251
-0.63444   -0.0378947   1.26634
-0.142247   -0.141986   -0.27183
0.0891357   0.0541567   -0.866862
-0.831281   -0.192433   0.314215
-0.327307   0.345208   1.0053
-0.554846   -0.667964   -0.0836897
0.729301   0.672694   1.00635
1.49957   -0.15079   0.32503
-0.201938   1.36896   0.728088
0.703371   0.4785   0.555073
-0.762715   0.564519   -0.705398
1.50897   1.39183   -0.617786
1.11402   -0.19561   -0.0907254
1.55713   0.0699133   1.02314
1.9536   0.812982   -1.10858
-0.0818784   -0.745901   -0.219149
1.54512   -0.333005   -0.573205
-0.0283322   -0.210099   -0.302487
-0.711917   -0.98418   -0.681237
0.351698   -1.33826   -2.37605
-0.649205   -0.91084   1.10647
0.674965   0.697268   0.14419
0.0289048   0.549008   0.158294
0.409561   -0.292885   -0.566889
-0.534022   -1.37943   0.0766534
-0.250986   -0.592666   -0.230029
0.286209   -0.130759   0.968561
-0.435964   2.14654   0.597361
1.17337   -1.04958   -1.86731
0.139313   -1.197   0.320711
0.167232   1.5623   -0.735804
-0.0228074   -2.81585   1.44219
0.223192   0.439374   -0.159053
0.358953   0.0309953   1.16703
-0.279594   1.48455   -0.553941
-1.33347   -1.20602   0.806328
1.35041   0.344502   1.48928
-0.571232   0.0912358   -0.302074
1.16763   0.826566   1.18059
-1.60287   -0.24635   0.169532
1.2073   1.27373   0.0521004
1.2136   1.10834   0.333701
-1.019   -0.0236588   -0.301781
-1.01971   0.0413449   -1.70018
0.844026   0.110987   0.739196
-1.53845   1.03516   1.24021
-1.39822   0.867636   -1.42476
0.198434   -0.0168844   0.241289
-1.3914   0.749004   -0.101683
0.20419   0.654005   0.213645
1.19287   1.13293   0.156568
-0.491949   -1.63974   -0.0465319
-0.488966   1.03063   0.841788
-0.701695   -0.605706   0.0061403
0.346098   0.627322   1.00795
-0.983869   -0.239777   0.437083
0.159406   -0.644408   0.667939
0.498569   0.646115   -0.185333
0.349647   0.557573   0.28387
-0.413888   -0.285408   -1.07766
-0.709142   0.689039   -0.928775
0.884031   -0.464721   1.61078
-0.135988   -0.44783   -0.511433
