-0.568163   -0.0119617   0.632284
-0.556428   -0.222006   0.262028
0.762592   1.69873   0.728525
0.147439   -0.345562   0.0265032
0.686221   0.782805   -0.0412737
0.0952082   -0.617213   -1.5921
-2.63765   2.57168   0.236733
0.114939   -0.199561   0.668468
0.210153   -1.13757   -1.68042
2.37324   1.84898   -2.00802
1.03338   -0.39802   0.897249
-1.07898   1.94764   -1.11231
-0.645797   1.54385   -0.00673306
0.0535225   0.800093   0.478038
-0.578036   -0.814404   -0.545464
2.03492   0.161093   0.176158
-0.217662   -0.438926   -0.0903412
2.12546   -0.732329   -0.248167
-0.148563   0.895255   1.25776
-1.13476   -0.21196   1.43116
0.0595967   0.426038   -0.80795
-0.534389   0.148449   -1.7181
1.18875   0.342857   0.153109
0.122047   1.26431   0.641019
0.455281   0.185787   0.616546
-1.23609   0.751222   1.3787
0.871728   -4.16634   1.07418
-0.572348   -1.0902   0.362742
-1.00789   0.209958   0.0395331
1.99255   0.26546   -0.704112
0.371968   1.00738   -2.23107
-0.826785   2.22896   -1.54284
-1.74059   -1.34129   1.84535
0.221259   -2.03906   0.151028
2.50503   1.5591   0.128146
0.655343   -0.972121   -1.28979
-1.94878   1.28111   1.07064
2.3624   -0.420144   -0.362022
-1.18131   -1.46876   -0.656725
0.615265   0.506343   -1.7988
1.57674   -0.118535   0.394752
-0.890338   -0.527377   -0.785369
0.0877502   -1.15399   0.228473
-0.00493572   -1.13653   0.358467
-1.21916   -0.436856   -0.279044
-1.49242   -0.625518   0.588033
1.17143   -0.934113   1.7821
-2.60584   -0.638299   -0.500486
0.946482   -1.00898   -0.652377
1.72009   0.519443   -1.76702
1.00724   1.42043   -1.32652
-0.760852   -1.8007   0.264601
-1.14098   0.424014   -2.17269
0.164397   -0.260196   0.159879
0.0986102   -0.223859   1.04541
0.644921   0.529168   -0.940547
-0.228465   -0.829305   -1.01447
0.325515   0.507634   0.206231
-0.132011   -0.382994   0.988656
0.970507   -0.467576   -2.06442
-3.17711   -0.990113   -2.17198
-0.850111   -0.609491   -0.484919
1.27467   0.868166   -0.769959
-0.672208   0.533778   1.91579
0.385495   1.41688   -1.96089
-0.587712   -1.17916   0.0168588
-1.21672   0.216754   0.105868
-0.954809   -0.008588   0.616646
-0.549168   -0.54238   -0.899269
-0.297265   1.76015   0.798782
0.561859   2.22986   0.661189
-0.0122228   -0.356945   0.797828
0.114692   -1.12911   -1.11684
-1.00062   2.03405   0.866808
-0.873976   -1.18425   2.51328
0.0514956   -0.265716   0.119389
-0.158874   -1.16764   0.212644
0.804646   -1.84882   -1.30793
0.367228   -0.0479975   0.958692
1.39665   0.251442   -0.628845
0.0803845   0.0616107   -1.21379
-0.113164   -1.18398   0.726724
0.87248   0.421428   1.45329
0.57979   -0.43002   0.0424434
0.12297   1.92326   0.112378
1.67791   0.630188   0.237426
-0.931426   -0.601757   0.655859
0.213835   0.24994   -0.0903661
-0.216969   0.0523517   0.593131
-0.501152   -0.819374   1.92636
-0.657412   1.19406   0.146216
1.16358   0.125739   1.09775
-1.56872   -1.64744   0.408308
-1.49671   0.423937   1.88322
-0.959691   2.20493   -1.35867
-0.165542   1.48145   -1.97725
0.151801   0.0543367   -0.909648
-0.981765   0.898581   -0.512636
-0.680847   -0.504666   0.609251
2.45011   -0.130913   -0.82065
0.825785   -0.980454   0.480918
0.678757   2.21813   -0.0573016
0.0458232   0.545522   3.15994
0.386482   -1.92416   -0.949723
1.83232   -2.39278   1.053
-1.30599   0.206656   1.0015
0.0941366   -0.689636   0.475911
-0.885417   -0.0233748   1.24996
